<?xml version="1.0" encoding="UTF-8"?>
<!-- Generated by org.testng.reporters.JUnitReportReporter -->
<testsuite hostname="Ranu-Tiwari" failures="0" tests="1" name="org.testing.Pages.TeamSpends" time="17.847" errors="0" timestamp="2024-06-18T16:47:20 IST" skipped="0">
  <testcase classname="org.testing.Pages.TeamSpends" name="teamspendsclick" time="17.847"/>
</testsuite> <!-- org.testing.Pages.TeamSpends -->
