<?xml version="1.0" encoding="UTF-8"?>
<!-- Generated by org.testng.reporters.JUnitReportReporter -->
<testsuite hostname="Ranu-Tiwari" failures="0" tests="1" name="org.testing.Pages.Categories" time="22.488" errors="0" timestamp="2024-07-10T14:13:17 IST" skipped="0">
  <testcase classname="org.testing.Pages.Categories" name="categories" time="22.488"/>
</testsuite> <!-- org.testing.Pages.Categories -->
