<?xml version="1.0" encoding="UTF-8"?>
<!-- Generated by org.testng.reporters.JUnitReportReporter -->
<testsuite hostname="Ranu-Tiwari" failures="0" tests="1" name="org.testing.TestCases.EditMember" time="0.001" errors="0" timestamp="2024-05-03T18:26:44 IST" skipped="0">
  <testcase classname="org.testing.TestCases.EditMember" name="Editclick" time="0.001"/>
  <system-out/>
</testsuite> <!-- org.testing.TestCases.EditMember -->
