<?xml version="1.0" encoding="UTF-8"?>
<!-- Generated by org.testng.reporters.JUnitReportReporter -->
<testsuite hostname="Ranu-Tiwari" failures="0" tests="1" name="org.testing.Pages.Teams" time="17.319" errors="0" timestamp="2024-06-24T16:12:50 IST" skipped="0">
  <testcase classname="org.testing.Pages.Teams" name="teamsclick" time="17.319"/>
</testsuite> <!-- org.testing.Pages.Teams -->
