<?xml version="1.0" encoding="UTF-8"?>
<!-- Generated by org.testng.reporters.JUnitReportReporter -->
<testsuite hostname="Ranu-Tiwari" failures="0" tests="1" name="org.testing.Pages.TeamSummary" time="20.993" errors="0" timestamp="2024-06-05T13:06:57 IST" skipped="0">
  <testcase classname="org.testing.Pages.TeamSummary" name="teamsummaryclick" time="20.993"/>
  <system-out/>
</testsuite> <!-- org.testing.Pages.TeamSummary -->
