<?xml version="1.0" encoding="UTF-8"?>
<!-- Generated by org.testng.reporters.JUnitReportReporter -->
<testsuite hostname="Ranu-Tiwari" failures="0" tests="1" name="org.testing.Pages.Dashboard" time="13.160" errors="0" timestamp="2024-06-05T11:51:03 IST" skipped="0">
  <testcase classname="org.testing.Pages.Dashboard" name="dashbaord" time="13.160"/>
  <system-out/>
</testsuite> <!-- org.testing.Pages.Dashboard -->
